0 info it worked if it ends with ok
1 verbose cli [ '/home/amiras/.nvm/versions/node/v7.6.0/bin/node',
1 verbose cli   '/home/amiras/.nvm/versions/node/v7.6.0/bin/npm',
1 verbose cli   'start' ]
2 info using npm@4.1.2
3 info using node@v7.6.0
4 verbose run-script [ 'prestart', 'start', 'poststart' ]
5 info lifecycle kCoins@0.0.1~prestart: kCoins@0.0.1
6 silly lifecycle kCoins@0.0.1~prestart: no script for prestart, continuing
7 info lifecycle kCoins@0.0.1~start: kCoins@0.0.1
8 verbose lifecycle kCoins@0.0.1~start: unsafe-perm in lifecycle true
9 verbose lifecycle kCoins@0.0.1~start: PATH: /home/amiras/.nvm/versions/node/v7.6.0/lib/node_modules/npm/bin/node-gyp-bin:/home/amiras/dev/kcoins/client/k-coins/node_modules/.bin:/home/amiras/bin/Sencha/Cmd/6.1.3.42/..:/home/amiras/bin/Sencha/Cmd:/home/amiras/.nvm/versions/node/v7.6.0/bin:/home/amiras/bin:/home/amiras/.local/bin:/usr/local/sbin:/usr/local/bin:/usr/sbin:/usr/bin:/sbin:/bin:/usr/games:/usr/local/games:/home/amiras/.nvm/versions/node/v7.6.0/lib/node_modules/yarn/bin:/snap/bin:/usr/lib/jvm/java-8-oracle/bin:/usr/lib/jvm/java-8-oracle/db/bin:/usr/lib/jvm/java-8-oracle/jre/bin:/snap/bin:/usr/lib/jvm/java-8-oracle/bin:/usr/lib/jvm/java-8-oracle/db/bin:/usr/lib/jvm/java-8-oracle/jre/bin:/home/amiras/Android/Sdk/tools:/home/amiras/Android/Sdk/platform-tools:/home/amiras/bin:/home/amiras/.local/bin:/usr/local/sbin:/usr/local/bin:/usr/sbin:/usr/bin:/sbin:/bin:/usr/games:/usr/local/games:/home/amiras/.nvm/versions/node/v7.6.0/lib/node_modules/yarn/bin:/snap/bin:/usr/lib/jvm/java-8-oracle/bin:/usr/lib/jvm/java-8-oracle/db/bin:/usr/lib/jvm/java-8-oracle/jre/bin:/snap/bin:/usr/lib/jvm/java-8-oracle/bin:/usr/lib/jvm/java-8-oracle/db/bin:/usr/lib/jvm/java-8-oracle/jre/bin:/home/amiras/Android/Sdk/tools:/home/amiras/Android/Sdk/platform-tools:$/home/amiras/.nvm/versions/node/v7.6.0/lib/node_modules/yarn/bin
10 verbose lifecycle kCoins@0.0.1~start: CWD: /home/amiras/dev/kcoins/client/k-coins
11 silly lifecycle kCoins@0.0.1~start: Args: [ '-c',
11 silly lifecycle   'webpack-dev-server --content-base build/ --config webpack.config.js --history-api-fallback --hot --inline' ]
12 silly lifecycle kCoins@0.0.1~start: Returned: code: 1  signal: null
13 info lifecycle kCoins@0.0.1~start: Failed to exec start script
14 verbose stack Error: kCoins@0.0.1 start: `webpack-dev-server --content-base build/ --config webpack.config.js --history-api-fallback --hot --inline`
14 verbose stack Exit status 1
14 verbose stack     at EventEmitter.<anonymous> (/home/amiras/.nvm/versions/node/v7.6.0/lib/node_modules/npm/lib/utils/lifecycle.js:279:16)
14 verbose stack     at emitTwo (events.js:106:13)
14 verbose stack     at EventEmitter.emit (events.js:192:7)
14 verbose stack     at ChildProcess.<anonymous> (/home/amiras/.nvm/versions/node/v7.6.0/lib/node_modules/npm/lib/utils/spawn.js:40:14)
14 verbose stack     at emitTwo (events.js:106:13)
14 verbose stack     at ChildProcess.emit (events.js:192:7)
14 verbose stack     at maybeClose (internal/child_process.js:890:16)
14 verbose stack     at Process.ChildProcess._handle.onexit (internal/child_process.js:226:5)
15 verbose pkgid kCoins@0.0.1
16 verbose cwd /home/amiras/dev/kcoins/client/k-coins
17 error Linux 4.13.0-21-generic
18 error argv "/home/amiras/.nvm/versions/node/v7.6.0/bin/node" "/home/amiras/.nvm/versions/node/v7.6.0/bin/npm" "start"
19 error node v7.6.0
20 error npm  v4.1.2
21 error code ELIFECYCLE
22 error kCoins@0.0.1 start: `webpack-dev-server --content-base build/ --config webpack.config.js --history-api-fallback --hot --inline`
22 error Exit status 1
23 error Failed at the kCoins@0.0.1 start script 'webpack-dev-server --content-base build/ --config webpack.config.js --history-api-fallback --hot --inline'.
23 error Make sure you have the latest version of node.js and npm installed.
23 error If you do, this is most likely a problem with the kCoins package,
23 error not with npm itself.
23 error Tell the author that this fails on your system:
23 error     webpack-dev-server --content-base build/ --config webpack.config.js --history-api-fallback --hot --inline
23 error You can get information on how to open an issue for this project with:
23 error     npm bugs kCoins
23 error Or if that isn't available, you can get their info via:
23 error     npm owner ls kCoins
23 error There is likely additional logging output above.
24 verbose exit [ 1, true ]
